Best line in /home/kn-bit/comfy/ComfyUI/temp/scores.txt: 7 with average score 40.04
Best line in /home/kn-bit/comfy/ComfyUI/temp/scores.txt: 5 with average score 40.04
Best line in /home/kn-bit/comfy/ComfyUI/temp/scores.txt: 7 with average score 40.0
Best line in /home/kn-bit/comfy/ComfyUI/temp/scores.txt: 3 with average score 40.04
Best line in /home/kn-bit/comfy/ComfyUI/temp/scores.txt: 7 with average score 40.04
Best line in /home/kn-bit/comfy/ComfyUI/temp/scores.txt: 4 with average score 39.96
Best line in /home/kn-bit/comfy/ComfyUI/temp/scores.txt: 3 with average score 40.12
Best line in /home/kn-bit/comfy/ComfyUI/temp/scores.txt: 4 with average score 40.04
Best line in /home/kn-bit/comfy/ComfyUI/temp/scores.txt: 5 with average score 40.0
Best line in /home/kn-bit/comfy/ComfyUI/temp/scores.txt: 7 with average score 40.0
Best line in /home/kn-bit/comfy/ComfyUI/temp/scores.txt: 7 with average score 39.96
Best line in /home/kn-bit/comfy/ComfyUI/temp/scores.txt: 5 with average score 40.08
Warning: could not query queue status: <urlopen error [Errno 111] Connection refused>
Warning: could not query queue status: <urlopen error [Errno 111] Connection refused>
Warning: could not query queue status: <urlopen error [Errno 111] Connection refused>
Warning: could not query queue status: <urlopen error [Errno 111] Connection refused>
Warning: could not query queue status: <urlopen error [Errno 111] Connection refused>
Warning: could not query queue status: <urlopen error [Errno 111] Connection refused>
Warning: could not query queue status: <urlopen error [Errno 111] Connection refused>
Warning: could not query queue status: <urlopen error [Errno 111] Connection refused>
Warning: could not query queue status: <urlopen error [Errno 111] Connection refused>
Warning: could not query queue status: <urlopen error [Errno 111] Connection refused>
Warning: could not query queue status: <urlopen error [Errno 111] Connection refused>
Warning: could not query queue status: <urlopen error [Errno 111] Connection refused>
Warning: could not query queue status: <urlopen error [Errno 111] Connection refused>
Warning: could not query queue status: <urlopen error [Errno 111] Connection refused>
Warning: could not query queue status: <urlopen error [Errno 111] Connection refused>
Warning: could not query queue status: <urlopen error [Errno 111] Connection refused>
Warning: could not query queue status: <urlopen error [Errno 111] Connection refused>
Warning: could not query queue status: <urlopen error [Errno 111] Connection refused>
Warning: could not query queue status: <urlopen error [Errno 111] Connection refused>
Warning: could not query queue status: <urlopen error [Errno 111] Connection refused>
Warning: could not query queue status: <urlopen error [Errno 111] Connection refused>
Warning: could not query queue status: <urlopen error [Errno 111] Connection refused>
Warning: could not query queue status: <urlopen error [Errno 111] Connection refused>
Warning: could not query queue status: <urlopen error [Errno 111] Connection refused>
Warning: could not query queue status: <urlopen error [Errno 111] Connection refused>
Warning: could not query queue status: <urlopen error [Errno 111] Connection refused>
Warning: could not query queue status: <urlopen error [Errno 111] Connection refused>
Warning: could not query queue status: <urlopen error [Errno 111] Connection refused>
Warning: could not query queue status: <urlopen error [Errno 111] Connection refused>
Warning: could not query queue status: <urlopen error [Errno 111] Connection refused>
Warning: could not query queue status: <urlopen error [Errno 111] Connection refused>
Warning: could not query queue status: <urlopen error [Errno 111] Connection refused>
Warning: could not query queue status: <urlopen error [Errno 111] Connection refused>
Warning: could not query queue status: <urlopen error [Errno 111] Connection refused>
Warning: could not query queue status: <urlopen error [Errno 111] Connection refused>
Warning: could not query queue status: <urlopen error [Errno 111] Connection refused>
Warning: could not query queue status: <urlopen error [Errno 111] Connection refused>
Warning: could not query queue status: <urlopen error [Errno 111] Connection refused>
Warning: could not query queue status: <urlopen error [Errno 111] Connection refused>
Warning: could not query queue status: <urlopen error [Errno 111] Connection refused>
Warning: could not query queue status: <urlopen error [Errno 111] Connection refused>
Warning: could not query queue status: <urlopen error [Errno 111] Connection refused>
Warning: could not query queue status: <urlopen error [Errno 111] Connection refused>
Warning: could not query queue status: <urlopen error [Errno 111] Connection refused>
Warning: could not query queue status: <urlopen error [Errno 111] Connection refused>
Warning: could not query queue status: <urlopen error [Errno 111] Connection refused>
Warning: could not query queue status: <urlopen error [Errno 111] Connection refused>
Warning: could not query queue status: <urlopen error [Errno 111] Connection refused>
Warning: could not query queue status: <urlopen error [Errno 111] Connection refused>
Warning: could not query queue status: <urlopen error [Errno 111] Connection refused>
Warning: could not query queue status: <urlopen error [Errno 111] Connection refused>
Warning: could not query queue status: <urlopen error [Errno 111] Connection refused>
Warning: could not query queue status: <urlopen error [Errno 111] Connection refused>
Warning: could not query queue status: <urlopen error [Errno 111] Connection refused>
Warning: could not query queue status: <urlopen error [Errno 111] Connection refused>
Warning: could not query queue status: <urlopen error [Errno 111] Connection refused>
Warning: could not query queue status: <urlopen error [Errno 111] Connection refused>
Warning: could not query queue status: <urlopen error [Errno 111] Connection refused>
Warning: could not query queue status: <urlopen error [Errno 111] Connection refused>
Warning: could not query queue status: <urlopen error [Errno 111] Connection refused>
Warning: could not query queue status: <urlopen error [Errno 111] Connection refused>
Warning: could not query queue status: <urlopen error [Errno 111] Connection refused>
Warning: could not query queue status: <urlopen error [Errno 111] Connection refused>
Warning: could not query queue status: <urlopen error [Errno 111] Connection refused>
Warning: could not query queue status: <urlopen error [Errno 111] Connection refused>
Warning: could not query queue status: <urlopen error [Errno 111] Connection refused>
Warning: could not query queue status: <urlopen error [Errno 111] Connection refused>
Warning: could not query queue status: <urlopen error [Errno 111] Connection refused>
Warning: could not query queue status: <urlopen error [Errno 111] Connection refused>
Warning: could not query queue status: <urlopen error [Errno 111] Connection refused>
Warning: could not query queue status: <urlopen error [Errno 111] Connection refused>
Warning: could not query queue status: <urlopen error [Errno 111] Connection refused>
Warning: could not query queue status: <urlopen error [Errno 111] Connection refused>
Warning: could not query queue status: <urlopen error [Errno 111] Connection refused>
Warning: could not query queue status: <urlopen error [Errno 111] Connection refused>
Warning: could not query queue status: <urlopen error [Errno 111] Connection refused>
Warning: could not query queue status: <urlopen error [Errno 111] Connection refused>
Warning: could not query queue status: <urlopen error [Errno 111] Connection refused>
Warning: could not query queue status: <urlopen error [Errno 111] Connection refused>
Warning: could not query queue status: <urlopen error [Errno 111] Connection refused>
Warning: could not query queue status: <urlopen error [Errno 111] Connection refused>
Warning: could not query queue status: <urlopen error [Errno 111] Connection refused>
Warning: could not query queue status: <urlopen error [Errno 111] Connection refused>
Warning: could not query queue status: <urlopen error [Errno 111] Connection refused>
Warning: could not query queue status: <urlopen error [Errno 111] Connection refused>
Warning: could not query queue status: <urlopen error [Errno 111] Connection refused>
Warning: could not query queue status: <urlopen error [Errno 111] Connection refused>
Warning: could not query queue status: <urlopen error [Errno 111] Connection refused>
Warning: could not query queue status: <urlopen error [Errno 111] Connection refused>
Warning: could not query queue status: <urlopen error [Errno 111] Connection refused>
Warning: could not query queue status: <urlopen error [Errno 111] Connection refused>
Warning: could not query queue status: <urlopen error [Errno 111] Connection refused>
Warning: could not query queue status: <urlopen error [Errno 111] Connection refused>
Warning: could not query queue status: <urlopen error [Errno 111] Connection refused>
Warning: could not query queue status: <urlopen error [Errno 111] Connection refused>
Warning: could not query queue status: <urlopen error [Errno 111] Connection refused>
Warning: could not query queue status: <urlopen error [Errno 111] Connection refused>
Warning: could not query queue status: <urlopen error [Errno 111] Connection refused>
Warning: could not query queue status: <urlopen error [Errno 111] Connection refused>
Warning: could not query queue status: <urlopen error [Errno 111] Connection refused>
Warning: could not query queue status: <urlopen error [Errno 111] Connection refused>
Warning: could not query queue status: <urlopen error [Errno 111] Connection refused>
Warning: could not query queue status: <urlopen error [Errno 111] Connection refused>
Warning: could not query queue status: <urlopen error [Errno 111] Connection refused>
Warning: could not query queue status: <urlopen error [Errno 111] Connection refused>
Warning: could not query queue status: <urlopen error [Errno 111] Connection refused>
Warning: could not query queue status: <urlopen error [Errno 111] Connection refused>
Warning: could not query queue status: <urlopen error [Errno 111] Connection refused>
Warning: could not query queue status: <urlopen error [Errno 111] Connection refused>
Warning: could not query queue status: <urlopen error [Errno 111] Connection refused>
Warning: could not query queue status: <urlopen error [Errno 111] Connection refused>
Warning: could not query queue status: <urlopen error [Errno 111] Connection refused>
Warning: could not query queue status: <urlopen error [Errno 111] Connection refused>
Warning: could not query queue status: <urlopen error [Errno 111] Connection refused>
Warning: could not query queue status: <urlopen error [Errno 111] Connection refused>
Warning: could not query queue status: <urlopen error [Errno 111] Connection refused>
Warning: could not query queue status: <urlopen error [Errno 111] Connection refused>
Warning: could not query queue status: <urlopen error [Errno 111] Connection refused>
Warning: could not query queue status: <urlopen error [Errno 111] Connection refused>
Warning: could not query queue status: <urlopen error [Errno 111] Connection refused>
Warning: could not query queue status: <urlopen error [Errno 111] Connection refused>
Warning: could not query queue status: <urlopen error [Errno 111] Connection refused>
Warning: could not query queue status: <urlopen error [Errno 111] Connection refused>
Warning: could not query queue status: <urlopen error [Errno 111] Connection refused>
Warning: could not query queue status: <urlopen error [Errno 111] Connection refused>
Warning: could not query queue status: <urlopen error [Errno 111] Connection refused>
Warning: could not query queue status: <urlopen error [Errno 111] Connection refused>
Best line in /home/kn-bit/comfy/ComfyUI/temp/scores.txt: 0 with average score 0.0
Best line in /home/kn-bit/comfy/ComfyUI/temp/scores.txt: 6 with average score 40.04
Error processing prompts/steampunk.json: prompts/steampunk.json
Best line in /home/kn-bit/comfy/ComfyUI/temp/scores.txt: 7 with average score 40.12
Error processing prompts/minecraft_shaders.json: prompts/minecraft_shaders.json
Best line in /home/kn-bit/comfy/ComfyUI/temp/scores.txt: 6 with average score 40.04
Best line in /home/kn-bit/comfy/ComfyUI/temp/scores.txt: 7 with average score 40.0
Error processing prompts/egypt.json: prompts/egypt.json
Best line in /home/kn-bit/comfy/ComfyUI/temp/scores.txt: 2 with average score 40.04
